<?xml version="1.0" encoding="utf-8" standalone="no"?>
<!--This file represents the results of running a test suite-->
<test-results name="C:\Project\Branches\datalayers\SPPIDDataLayer\SPPIDDataLayer.NUnit\SPPIDDataLayer.NUnit.csproj" total="7" errors="0" failures="0" not-run="0" inconclusive="0" ignored="0" skipped="0" invalid="0" date="2012-07-06" time="13:19:33">
  <environment nunit-version="2.5.8.10295" clr-version="4.0.30319.269" os-version="Microsoft Windows NT 6.1.7601 Service Pack 1" platform="Win32NT" cwd="C:\Project\Branches\datalayers\SPPIDDataLayer\library\nunit\NUnit.Runner\bin\Debug" machine-name="NDHD06635" user="nbhardwa" user-domain="IEAMS" />
  <culture-info current-culture="en-US" current-uiculture="en-US" />
  <test-suite type="Project" name="C:\Project\Branches\datalayers\SPPIDDataLayer\SPPIDDataLayer.NUnit\SPPIDDataLayer.NUnit.csproj" executed="True" result="Success" success="True" time="153.739" asserts="0">
    <results>
      <test-suite type="Assembly" name="C:\Project\Branches\datalayers\SPPIDDataLayer\SPPIDDataLayer.NUnit\bin\Debug\SPPIDDataLayer.NUnit.dll" executed="True" result="Success" success="True" time="153.732" asserts="0">
        <results>
          <test-suite type="Namespace" name="org" executed="True" result="Success" success="True" time="153.732" asserts="0">
            <results>
              <test-suite type="Namespace" name="iringtools" executed="True" result="Success" success="True" time="153.732" asserts="0">
                <results>
                  <test-suite type="Namespace" name="datalayers" executed="True" result="Success" success="True" time="153.732" asserts="0">
                    <results>
                      <test-suite type="Namespace" name="IIP" executed="True" result="Success" success="True" time="153.732" asserts="0">
                        <results>
                          <test-suite type="Namespace" name="SPPID" executed="True" result="Success" success="True" time="153.732" asserts="0">
                            <results>
                              <test-suite type="Namespace" name="Test" executed="True" result="Success" success="True" time="153.732" asserts="0">
                                <results>
                                  <test-suite type="TestFixture" name="Tests" executed="True" result="Success" success="True" time="153.730" asserts="0">
                                    <results>
                                      <test-case name="org.iringtools.datalayers.IIP.SPPID.Test.Tests.TestGetCount" executed="True" result="Success" success="True" time="2.631" asserts="1" />
                                      <test-case name="org.iringtools.datalayers.IIP.SPPID.Test.Tests.TestGetCountWithFilter" executed="True" result="Success" success="True" time="0.880" asserts="1" />
                                      <test-case name="org.iringtools.datalayers.IIP.SPPID.Test.Tests.TestGetIdentifiersWithFilter" executed="True" result="Success" success="True" time="0.019" asserts="1" />
                                      <test-case name="org.iringtools.datalayers.IIP.SPPID.Test.Tests.TestGetPage" executed="True" result="Success" success="True" time="0.011" asserts="1" />
                                      <test-case name="org.iringtools.datalayers.IIP.SPPID.Test.Tests.TestGetPageWithFilter" executed="True" result="Success" success="True" time="0.006" asserts="1" />
                                      <test-case name="org.iringtools.datalayers.IIP.SPPID.Test.Tests.TestGetWithIdentifiers" executed="True" result="Success" success="True" time="0.065" asserts="1" />
                                      <test-case name="org.iringtools.datalayers.IIP.SPPID.Test.Tests.TestRefresh" executed="True" result="Success" success="True" time="144.946" asserts="1" />
                                    </results>
                                  </test-suite>
                                </results>
                              </test-suite>
                            </results>
                          </test-suite>
                        </results>
                      </test-suite>
                    </results>
                  </test-suite>
                </results>
              </test-suite>
            </results>
          </test-suite>
        </results>
      </test-suite>
    </results>
  </test-suite>
</test-results>