<?xml version="1.0" encoding="utf-8" standalone="no"?>
<!--This file represents the results of running a test suite-->
<test-results name="C:\iring-tools\branches\datalayers\ebDataLayer\ebDataLayer.Tests\eBDataLayer.Tests.csproj" total="1" errors="0" failures="0" not-run="0" inconclusive="0" ignored="0" skipped="0" invalid="0" date="2012-06-27" time="17:04:17">
  <environment nunit-version="2.5.9.10348" clr-version="4.0.30319.269" os-version="Microsoft Windows NT 6.1.7601 Service Pack 1" platform="Win32NT" cwd="C:\iring-tools\branches\datalayers\ebDataLayer\NUnit.Runner\bin\Debug" machine-name="FREL23264" user="hdle" user-domain="IAMERS" />
  <culture-info current-culture="en-US" current-uiculture="en-US" />
  <test-suite type="Project" name="C:\iring-tools\branches\datalayers\ebDataLayer\ebDataLayer.Tests\eBDataLayer.Tests.csproj" executed="True" result="Success" success="True" time="21.400" asserts="0">
    <results>
      <test-suite type="Assembly" name="C:\iring-tools\branches\datalayers\ebDataLayer\ebDataLayer.Tests\bin\Debug\ebDataLayer.Tests.dll" executed="True" result="Success" success="True" time="21.393" asserts="0">
        <results>
          <test-suite type="Namespace" name="org" executed="True" result="Success" success="True" time="21.390" asserts="0">
            <results>
              <test-suite type="Namespace" name="iringtools" executed="True" result="Success" success="True" time="21.388" asserts="0">
                <results>
                  <test-suite type="Namespace" name="adapter" executed="True" result="Success" success="True" time="21.386" asserts="0">
                    <results>
                      <test-suite type="Namespace" name="datalayer" executed="True" result="Success" success="True" time="21.385" asserts="0">
                        <results>
                          <test-suite type="Namespace" name="test" executed="True" result="Success" success="True" time="21.381" asserts="0">
                            <results>
                              <test-suite type="TestFixture" name="Tests" executed="True" result="Success" success="True" time="21.369" asserts="0">
                                <results>
                                  <test-case name="org.iringtools.adapter.datalayer.test.Tests.TestDataObjects" executed="True" result="Success" success="True" time="19.992" asserts="20" />
                                </results>
                              </test-suite>
                            </results>
                          </test-suite>
                        </results>
                      </test-suite>
                    </results>
                  </test-suite>
                </results>
              </test-suite>
            </results>
          </test-suite>
        </results>
      </test-suite>
    </results>
  </test-suite>
</test-results>